<?xml version="1.0" encoding="UTF-8"?>
<testng-results ignored="0" total="1" passed="1" failed="0" skipped="0">
  <reporter-output>
  </reporter-output>
  <suite started-at="2024-08-13T12:14:15 IST" name="Default suite" finished-at="2024-08-13T12:14:18 IST" duration-ms="2926">
    <groups>
    </groups>
    <test started-at="2024-08-13T12:14:15 IST" name="Default test" finished-at="2024-08-13T12:14:18 IST" duration-ms="2926">
      <class name="com.hrm.project.test.addProjectTest">
        <test-method signature="addSingleProjectWithCreated()[pri:0, instance:com.hrm.project.test.addProjectTest@6a8658ff]" started-at="2024-08-13T12:14:16 IST" name="addSingleProjectWithCreated" finished-at="2024-08-13T12:14:18 IST" duration-ms="2869" status="PASS">
          <reporter-output>
          </reporter-output>
        </test-method> <!-- addSingleProjectWithCreated -->
      </class> <!-- com.hrm.project.test.addProjectTest -->
    </test> <!-- Default test -->
  </suite> <!-- Default suite -->
</testng-results>
